\BOOKMARK [1][-]{section.1}{\376\377\000I\000n\000t\000r\000o\000d\000u\000c\000c\000i\000\363\000n}{}% 1
\BOOKMARK [2][-]{subsection.1.1}{\376\377\000M\000o\000t\000i\000v\000a\000c\000i\000\363\000n\000\040\000y\000\040\000c\000o\000n\000t\000e\000x\000t\000o}{section.1}% 2
\BOOKMARK [3][-]{subsubsection.1.1.1}{\376\377\000I\000m\000p\000a\000c\000t\000o\000\040\000s\000o\000c\000i\000a\000l\000\040\000y\000\040\000t\000e\000c\000n\000o\000l\000\363\000g\000i\000c\000o\000\040\000d\000e\000\040\000l\000a\000\040\000p\000a\000n\000d\000e\000m\000i\000a\000\040\000d\000e\000\040\000C\000O\000V\000I\000D\000-\0001\0009}{subsection.1.1}% 3
\BOOKMARK [2][-]{subsection.1.2}{\376\377\000O\000b\000j\000e\000t\000i\000v\000o\000s}{section.1}% 4
\BOOKMARK [1][-]{section.2}{\376\377\000E\000s\000t\000a\000d\000o\000\040\000d\000e\000l\000\040\000a\000r\000t\000e}{}% 5
\BOOKMARK [2][-]{subsection.2.1}{\376\377\000J\000u\000e\000g\000o\000s\000\040\000s\000e\000r\000i\000o\000s}{section.2}% 6
\BOOKMARK [3][-]{subsubsection.2.1.1}{\376\377\000O\000r\000i\000g\000e\000n\000\040\000d\000e\000\040\000l\000o\000s\000\040\000j\000u\000e\000g\000o\000s\000\040\000s\000e\000r\000i\000o\000s}{subsection.2.1}% 7
\BOOKMARK [3][-]{subsubsection.2.1.2}{\376\377\000C\000o\000n\000c\000e\000p\000t\000o\000\040\000d\000e\000\040\000j\000u\000e\000g\000o\000\040\000s\000e\000r\000i\000o}{subsection.2.1}% 8
\BOOKMARK [3][-]{subsubsection.2.1.3}{\376\377\000J\000u\000e\000g\000o\000s\000\040\000s\000e\000r\000i\000o\000s\000\040\000e\000n\000\040\000l\000a\000\040\000r\000e\000h\000a\000b\000i\000l\000i\000t\000a\000c\000i\000\363\000n\000\040\000n\000e\000u\000r\000o\000p\000s\000i\000c\000o\000l\000\363\000g\000i\000c\000a}{subsection.2.1}% 9
\BOOKMARK [3][-]{subsubsection.2.1.4}{\376\377\000J\000u\000e\000g\000o\000s\000\040\000t\000r\000a\000d\000i\000c\000i\000o\000n\000a\000l\000e\000s\000\040\000e\000n\000\040\000g\000r\000u\000p\000o\000\040\000y\000\040\000s\000u\000s\000\040\000v\000e\000n\000t\000a\000j\000a\000s\000\040\000c\000o\000g\000n\000i\000t\000i\000v\000a\000s}{subsection.2.1}% 10
\BOOKMARK [2][-]{subsection.2.2}{\376\377\000J\000u\000e\000g\000o\000s\000\040\000d\000i\000g\000i\000t\000a\000l\000e\000s\000\040\000p\000a\000r\000a\000\040\000a\000d\000u\000l\000t\000o\000s\000\040\000m\000a\000y\000o\000r\000e\000s}{section.2}% 11
\BOOKMARK [3][-]{subsubsection.2.2.1}{\376\377\000E\000l\000\040\000p\000r\000o\000y\000e\000c\000t\000o\000\040\000W\000o\000r\000t\000h\000P\000l\000a\000y}{subsection.2.2}% 12
\BOOKMARK [3][-]{subsubsection.2.2.2}{\376\377\000E\000l\000\040\000j\000u\000e\000g\000o\000\040\000d\000i\000g\000i\000t\000a\000l\000\040\000S\000o\000l\000i\000t\000a\000i\000r\000e\000\040\000Q\000u\000i\000z\000z}{subsection.2.2}% 13
\BOOKMARK [2][-]{subsection.2.3}{\376\377\000E\000s\000t\000a\000d\000o\000\040\000d\000e\000l\000\040\000a\000r\000t\000e\000\040\000d\000e\000\040\000l\000o\000s\000\040\000a\000s\000i\000s\000t\000e\000n\000t\000e\000s\000\040\000v\000i\000r\000t\000u\000a\000l\000e\000s}{section.2}% 14
\BOOKMARK [3][-]{subsubsection.2.3.1}{\376\377\000I\000n\000f\000l\000u\000e\000n\000c\000i\000a\000\040\000d\000e\000\040\000l\000a\000\040\000I\000A\000\040\000y\000\040\000c\000l\000a\000s\000i\000f\000i\000c\000a\000c\000i\000\363\000n}{subsection.2.3}% 15
\BOOKMARK [3][-]{subsubsection.2.3.2}{\376\377\000A\000l\000e\000x\000a\000,\000\040\000e\000l\000\040\000a\000s\000i\000s\000t\000e\000n\000t\000e\000\040\000c\000o\000n\000v\000e\000r\000s\000a\000c\000i\000o\000n\000a\000l\000\040\000m\000\341\000s\000\040\000e\000x\000t\000e\000n\000d\000i\000d\000o\000\040\000h\000o\000y\000\040\000e\000n\000\040\000d\000\355\000a}{subsection.2.3}% 16
\BOOKMARK [3][-]{subsubsection.2.3.3}{\376\377\000L\000a\000s\000\040\000i\000n\000t\000e\000r\000a\000c\000c\000i\000o\000n\000e\000s\000\040\000e\000n\000t\000r\000e\000\040\000a\000d\000u\000l\000t\000o\000s\000\040\000m\000a\000y\000o\000r\000e\000s\000\040\000y\000\040\000A\000l\000e\000x\000a}{subsection.2.3}% 17
\BOOKMARK [2][-]{subsection.2.4}{\376\377\000A\000p\000l\000i\000c\000a\000c\000i\000o\000n\000e\000s\000\040\000s\000i\000m\000i\000l\000a\000r\000e\000s\000\040\000c\000o\000n\000\040\000a\000s\000i\000s\000t\000e\000n\000t\000e\000s\000\040\000d\000e\000\040\000v\000o\000z}{section.2}% 18
\BOOKMARK [3][-]{subsubsection.2.4.1}{\376\377\000C\000E\000L\000I\000A\000,\000\040\000m\000u\000c\000h\000o\000\040\000m\000\341\000s\000\040\000q\000u\000e\000\040\000u\000n\000a\000\040\000a\000s\000i\000s\000t\000e\000n\000t\000e}{subsection.2.4}% 19
\BOOKMARK [3][-]{subsubsection.2.4.2}{\376\377\000J\000u\000e\000g\000o\000\040\000d\000e\000\040\000l\000o\000s\000\040\000t\000r\000a\000y\000e\000c\000t\000o\000s\000\040\000o\000r\000i\000e\000n\000t\000a\000d\000o\000\040\000a\000\040\000l\000a\000\040\000d\000e\000t\000e\000c\000c\000i\000\363\000n\000\040\000d\000e\000l\000\040\000d\000e\000t\000e\000r\000i\000o\000r\000o\000\040\000c\000o\000g\000n\000i\000t\000i\000v\000o}{subsection.2.4}% 20
\BOOKMARK [3][-]{subsubsection.2.4.3}{\376\377\000J\000u\000e\000g\000o\000s\000\040\000s\000e\000r\000i\000o\000s\000\040\000y\000\040\000e\000x\000p\000e\000r\000i\000e\000n\000c\000i\000a\000s\000\040\000i\000n\000c\000l\000u\000s\000i\000v\000a\000s}{subsection.2.4}% 21
\BOOKMARK [1][-]{section.3}{\376\377\000P\000l\000a\000n\000i\000f\000i\000c\000a\000c\000i\000\363\000n\000,\000\040\000m\000e\000t\000o\000d\000o\000l\000o\000g\000\355\000a\000\040\000y\000\040\000p\000r\000e\000s\000u\000p\000u\000e\000s\000t\000o}{}% 22
\BOOKMARK [2][-]{subsection.3.1}{\376\377\000P\000l\000a\000n\000i\000f\000i\000c\000a\000c\000i\000\363\000n\000\040\000t\000e\000m\000p\000o\000r\000a\000l}{section.3}% 23
\BOOKMARK [2][-]{subsection.3.2}{\376\377\000M\000e\000t\000o\000d\000o\000l\000o\000g\000\355\000a}{section.3}% 24
\BOOKMARK [2][-]{subsection.3.3}{\376\377\000P\000r\000e\000s\000u\000p\000u\000e\000s\000t\000o}{section.3}% 25
\BOOKMARK [3][-]{subsubsection.3.3.1}{\376\377\000R\000e\000c\000u\000r\000s\000o\000s\000\040\000h\000u\000m\000a\000n\000o\000s}{subsection.3.3}% 26
\BOOKMARK [3][-]{subsubsection.3.3.2}{\376\377\000H\000a\000r\000d\000w\000a\000r\000e}{subsection.3.3}% 27
\BOOKMARK [3][-]{subsubsection.3.3.3}{\376\377\000S\000o\000f\000t\000w\000a\000r\000e}{subsection.3.3}% 28
\BOOKMARK [3][-]{subsubsection.3.3.4}{\376\377\000R\000e\000s\000u\000m\000e\000n\000\040\000d\000e\000\040\000p\000r\000e\000s\000u\000p\000u\000e\000s\000t\000o}{subsection.3.3}% 29
\BOOKMARK [1][-]{section.4}{\376\377\000A\000n\000\341\000l\000i\000s\000i\000s\000\040\000d\000e\000l\000\040\000p\000r\000o\000b\000l\000e\000m\000a}{}% 30
\BOOKMARK [2][-]{subsection.4.1}{\376\377\000E\000l\000e\000c\000c\000i\000\363\000n\000\040\000d\000e\000\040\000l\000a\000\040\000t\000e\000m\000\341\000t\000i\000c\000a\000:\000\040\000e\000l\000\040\000j\000u\000e\000g\000o\000\040\000d\000e\000\040\000l\000a\000\040\000o\000c\000a}{section.4}% 31
\BOOKMARK [3][-]{subsubsection.4.1.1}{\376\377\000L\000i\000s\000t\000a\000\040\000d\000e\000\040\000m\000i\000n\000i\000j\000u\000e\000g\000o\000s\000\040\000d\000e\000n\000t\000r\000o\000\040\000d\000e\000\040\000l\000a\000\040\000o\000c\000a}{subsection.4.1}% 32
\BOOKMARK [2][-]{subsection.4.2}{\376\377\000H\000i\000s\000t\000o\000r\000i\000a\000s\000\040\000d\000e\000\040\000u\000s\000u\000a\000r\000i\000o\000\040\000y\000\040\000r\000e\000q\000u\000i\000s\000i\000t\000o\000s}{section.4}% 33
\BOOKMARK [3][-]{subsubsection.4.2.1}{\376\377\000H\000i\000s\000t\000o\000r\000i\000a\000s\000\040\000d\000e\000\040\000u\000s\000u\000a\000r\000i\000o}{subsection.4.2}% 34
\BOOKMARK [3][-]{subsubsection.4.2.2}{\376\377\000R\000e\000q\000u\000i\000s\000i\000t\000o\000s\000\040\000f\000u\000n\000c\000i\000o\000n\000a\000l\000e\000s}{subsection.4.2}% 35
\BOOKMARK [3][-]{subsubsection.4.2.3}{\376\377\000R\000e\000q\000u\000i\000s\000i\000t\000o\000s\000\040\000n\000o\000\040\000f\000u\000n\000c\000i\000o\000n\000a\000l\000e\000s}{subsection.4.2}% 36
\BOOKMARK [2][-]{subsection.4.3}{\376\377\000C\000a\000s\000o\000s\000\040\000d\000e\000\040\000u\000s\000o\000\040\000y\000\040\000s\000u\000s\000\040\000c\000o\000r\000r\000e\000s\000p\000o\000n\000d\000i\000e\000n\000t\000e\000s\000\040\000d\000i\000a\000g\000r\000a\000m\000a\000s}{section.4}% 37
\BOOKMARK [3][-]{subsubsection.4.3.1}{\376\377\000C\000a\000s\000o\000s\000\040\000d\000e\000\040\000u\000s\000o}{subsection.4.3}% 38
\BOOKMARK [3][-]{subsubsection.4.3.2}{\376\377\000M\000a\000t\000r\000i\000z\000\040\000d\000e\000\040\000c\000o\000b\000e\000r\000t\000u\000r\000a\000\040\000d\000e\000\040\000r\000e\000q\000u\000i\000s\000i\000t\000o\000s\000\040\000f\000u\000n\000c\000i\000o\000n\000a\000l\000e\000s}{subsection.4.3}% 39
\BOOKMARK [3][-]{subsubsection.4.3.3}{\376\377\000D\000i\000a\000g\000r\000a\000m\000a\000s\000\040\000d\000e\000\040\000s\000e\000c\000u\000e\000n\000c\000i\000a\000\040\000d\000e\000\040\000c\000a\000s\000o\000s\000\040\000d\000e\000\040\000u\000s\000o}{subsection.4.3}% 40
\BOOKMARK [1][-]{section.5}{\376\377\000D\000i\000s\000e\000\361\000o}{}% 41
\BOOKMARK [2][-]{subsection.5.1}{\376\377\000D\000i\000s\000e\000\361\000o\000\040\000d\000e\000\040\000l\000a\000\040\000a\000r\000q\000u\000i\000t\000e\000c\000t\000u\000r\000a}{section.5}% 42
\BOOKMARK [2][-]{subsection.5.2}{\376\377\000G\000D\000D\000:\000\040\000D\000o\000c\000u\000m\000e\000n\000t\000o\000\040\000d\000e\000\040\000D\000i\000s\000e\000\361\000o\000\040\000d\000e\000l\000\040\000J\000u\000e\000g\000o}{section.5}% 43
\BOOKMARK [2][-]{subsection.5.3}{\376\377\000M\000o\000d\000e\000l\000o\000\040\000c\000o\000n\000c\000e\000p\000t\000u\000a\000l\000\040\000d\000e\000l\000\040\000j\000u\000e\000g\000o\000\040\000d\000e\000\040\000l\000a\000\040\000o\000c\000a}{section.5}% 44
\BOOKMARK [2][-]{subsection.5.4}{\376\377\000D\000i\000s\000e\000\361\000o\000\040\000d\000e\000\040\000l\000a\000\040\000i\000n\000t\000e\000r\000f\000a\000z\000\040\000d\000e\000\040\000u\000s\000u\000a\000r\000i\000o}{section.5}% 45
\BOOKMARK [3][-]{subsubsection.5.4.1}{\376\377\000B\000o\000c\000e\000t\000o\000s\000\040\000y\000\040\000m\000o\000c\000k\000u\000p\000s}{subsection.5.4}% 46
\BOOKMARK [3][-]{subsubsection.5.4.2}{\376\377\000D\000i\000a\000g\000r\000a\000m\000a\000\040\000d\000e\000\040\000f\000l\000u\000j\000o\000\040\000e\000n\000t\000r\000e\000\040\000p\000a\000n\000t\000a\000l\000l\000a\000s}{subsection.5.4}% 47
\BOOKMARK [3][-]{subsubsection.5.4.3}{\376\377\000C\000u\000e\000s\000t\000i\000o\000n\000e\000s\000\040\000d\000e\000\040\000e\000s\000t\000\351\000t\000i\000c\000a\000,\000\040\000u\000s\000a\000b\000i\000l\000i\000d\000a\000d\000\040\000y\000\040\000a\000c\000c\000e\000s\000i\000b\000i\000l\000i\000d\000a\000d}{subsection.5.4}% 48
\BOOKMARK [1][-]{section.6}{\376\377\000A\000n\000\341\000l\000i\000s\000i\000s\000\040\000t\000e\000c\000n\000o\000l\000\363\000g\000i\000c\000o}{}% 49
\BOOKMARK [2][-]{subsection.6.1}{\376\377\000J\000u\000s\000t\000i\000f\000i\000c\000a\000c\000i\000\363\000n\000\040\000d\000e\000\040\000l\000a\000\040\000e\000l\000e\000c\000c\000i\000\363\000n\000\040\000t\000e\000c\000n\000o\000l\000\363\000g\000i\000c\000a}{section.6}% 50
\BOOKMARK [2][-]{subsection.6.2}{\376\377\000F\000u\000n\000d\000a\000m\000e\000n\000t\000o\000s\000\040\000d\000e\000\040\000u\000n\000a\000\040\000s\000k\000i\000l\000l}{section.6}% 51
\BOOKMARK [3][-]{subsubsection.6.2.1}{\376\377\000T\000\351\000r\000m\000i\000n\000o\000s\000\040\000c\000o\000m\000u\000n\000e\000s\000\040\000e\000n\000\040\000e\000l\000\040\000d\000e\000s\000a\000r\000r\000o\000l\000l\000o\000\040\000d\000e\000\040\000s\000k\000i\000l\000l\000s}{subsection.6.2}% 52
\BOOKMARK [3][-]{subsubsection.6.2.2}{\376\377\000M\000e\000m\000o\000r\000i\000a\000\040\000y\000\040\000p\000e\000r\000s\000i\000s\000t\000e\000n\000c\000i\000a\000\040\000d\000e\000\040\000d\000a\000t\000o\000s}{subsection.6.2}% 53
\BOOKMARK [2][-]{subsection.6.3}{\376\377\000A\000l\000e\000x\000a\000\040\000S\000k\000i\000l\000l\000s\000\040\000K\000i\000t\000\040\000\050\000A\000S\000K\000\051}{section.6}% 54
\BOOKMARK [2][-]{subsection.6.4}{\376\377\000A\000W\000S\000\040\000S\000e\000r\000v\000e\000r\000l\000e\000s\000s\000\040\000P\000l\000a\000t\000f\000o\000r\000m}{section.6}% 55
\BOOKMARK [2][-]{subsection.6.5}{\376\377\000A\000l\000e\000x\000a\000\040\000P\000r\000e\000s\000e\000n\000t\000a\000t\000i\000o\000n\000\040\000L\000a\000n\000g\000u\000a\000g\000e\000\040\000\050\000A\000P\000L\000\051}{section.6}% 56
\BOOKMARK [1][-]{section.7}{\376\377\000D\000e\000s\000a\000r\000r\000o\000l\000l\000o}{}% 57
\BOOKMARK [2][-]{subsection.7.1}{\376\377\000C\000r\000e\000a\000c\000i\000\363\000n\000\040\000d\000e\000\040\000l\000a\000\040\000s\000k\000i\000l\000l\000\040\000y\000\040\000e\000l\000\040\000m\000o\000d\000e\000l\000o\000\040\000d\000e\000\040\000i\000n\000t\000e\000r\000a\000c\000c\000i\000\363\000n}{section.7}% 58
\BOOKMARK [2][-]{subsection.7.2}{\376\377\000C\000o\000n\000f\000i\000g\000u\000r\000a\000c\000i\000\363\000n\000\040\000d\000e\000\040\000s\000e\000r\000v\000i\000c\000i\000o\000s\000\040\000d\000e\000\040\000A\000W\000S}{section.7}% 59
\BOOKMARK [3][-]{subsubsection.7.2.1}{\376\377\000I\000d\000e\000n\000t\000i\000t\000y\000\040\000a\000n\000d\000\040\000A\000c\000c\000e\000s\000s\000\040\000M\000a\000n\000a\000g\000e\000m\000e\000n\000t\000\040\000\050\000I\000A\000M\000\051}{subsection.7.2}% 60
\BOOKMARK [3][-]{subsubsection.7.2.2}{\376\377\000A\000m\000a\000z\000o\000n\000\040\000S\000i\000m\000p\000l\000e\000\040\000S\000t\000o\000r\000a\000g\000e\000\040\000S\000e\000r\000v\000i\000c\000e\000\040\000\050\000S\0003\000\051}{subsection.7.2}% 61
\BOOKMARK [3][-]{subsubsection.7.2.3}{\376\377\000D\000y\000n\000a\000m\000o\000D\000B}{subsection.7.2}% 62
\BOOKMARK [2][-]{subsection.7.3}{\376\377\000I\000m\000p\000l\000e\000m\000e\000n\000t\000a\000c\000i\000\363\000n\000\040\000y\000\040\000e\000s\000t\000r\000u\000c\000t\000u\000r\000a\000\040\000d\000e\000l\000\040\000c\000\363\000d\000i\000g\000o}{section.7}% 63
\BOOKMARK [3][-]{subsubsection.7.3.1}{\376\377\000L\000\363\000g\000i\000c\000a\000\040\000d\000e\000l\000\040\000j\000u\000e\000g\000o\000\040\000d\000e\000\040\000l\000a\000\040\000o\000c\000a}{subsection.7.3}% 64
\BOOKMARK [3][-]{subsubsection.7.3.2}{\376\377\000F\000i\000c\000h\000e\000r\000o\000\040\000"\000h\000a\000n\000d\000l\000e\000r\000s\000.\000j\000s\000"}{subsection.7.3}% 65
\BOOKMARK [3][-]{subsubsection.7.3.3}{\376\377\000F\000i\000c\000h\000e\000r\000o\000\040\000"\000i\000n\000d\000e\000x\000.\000j\000s\000"}{subsection.7.3}% 66
\BOOKMARK [3][-]{subsubsection.7.3.4}{\376\377\000D\000i\000r\000e\000c\000t\000o\000r\000i\000o\000\040\000"\000a\000p\000l\000"}{subsection.7.3}% 67
\BOOKMARK [3][-]{subsubsection.7.3.5}{\376\377\000D\000i\000r\000e\000c\000t\000o\000r\000i\000o\000\040\000"\000e\000x\000p\000o\000r\000t\000s\000"}{subsection.7.3}% 68
\BOOKMARK [3][-]{subsubsection.7.3.6}{\376\377\000F\000i\000c\000h\000e\000r\000o\000\040\000"\000d\000b\000.\000j\000s\000"}{subsection.7.3}% 69
\BOOKMARK [2][-]{subsection.7.4}{\376\377\000P\000r\000u\000e\000b\000a\000s}{section.7}% 70
\BOOKMARK [3][-]{subsubsection.7.4.1}{\376\377\000P\000r\000u\000e\000b\000a\000s\000\040\000u\000n\000i\000t\000a\000r\000i\000a\000s}{subsection.7.4}% 71
\BOOKMARK [3][-]{subsubsection.7.4.2}{\376\377\000P\000r\000u\000e\000b\000a\000s\000\040\000d\000e\000\040\000i\000n\000t\000e\000g\000r\000a\000c\000i\000\363\000n}{subsection.7.4}% 72
\BOOKMARK [2][-]{subsection.7.5}{\376\377\000S\000e\000g\000u\000r\000i\000d\000a\000d}{section.7}% 73
\BOOKMARK [1][-]{section.8}{\376\377\000M\000a\000n\000u\000a\000l\000\040\000d\000e\000\040\000u\000s\000o\000\040\000d\000e\000\040\000l\000a\000\040\000s\000k\000i\000l\000l}{}% 74
\BOOKMARK [1][-]{section.9}{\376\377\000C\000o\000n\000c\000l\000u\000s\000i\000o\000n\000e\000s\000\040\000y\000\040\000t\000r\000a\000b\000a\000j\000o\000s\000\040\000f\000u\000t\000u\000r\000o\000s}{}% 75
\BOOKMARK [2][-]{subsection.9.1}{\376\377\000C\000o\000n\000s\000e\000c\000u\000c\000i\000\363\000n\000\040\000d\000e\000\040\000o\000b\000j\000e\000t\000i\000v\000o\000s}{section.9}% 76
\BOOKMARK [2][-]{subsection.9.2}{\376\377\000T\000r\000a\000b\000a\000j\000o\000s\000\040\000f\000u\000t\000u\000r\000o\000s}{section.9}% 77
\BOOKMARK [1][-]{section.10}{\376\377\000B\000i\000b\000l\000i\000o\000g\000r\000a\000f\000\355\000a}{}% 78
